0 info it worked if it ends with ok
1 verbose cli [ '/usr/bin/node', '/usr/bin/npm', 'run', 'test' ]
2 info using npm@3.10.10
3 info using node@v6.14.2
4 verbose run-script [ 'pretest', 'test', 'posttest' ]
5 info lifecycle flash-cards@0.8.0~pretest: flash-cards@0.8.0
6 silly lifecycle flash-cards@0.8.0~pretest: no script for pretest, continuing
7 info lifecycle flash-cards@0.8.0~test: flash-cards@0.8.0
8 verbose lifecycle flash-cards@0.8.0~test: unsafe-perm in lifecycle true
9 verbose lifecycle flash-cards@0.8.0~test: PATH: /usr/lib/node_modules/npm/bin/node-gyp-bin:/mnt/c/projects/websites/flash-cards/node_modules/.bin:/home/rozkalns/bin:/home/rozkalns/.local/bin:/usr/local/sbin:/usr/local/bin:/usr/sbin:/usr/bin:/sbin:/bin:/usr/games:/usr/local/games:/mnt/c/Program Files (x86)/Common Files/Oracle/Java/javapath_target_234980640:/mnt/c/ProgramData/Oracle/Java/javapath_target_235180281:/mnt/c/Program Files (x86)/Intel/iCLS Client:/mnt/c/Program Files/Intel/iCLS Client:/mnt/c/Windows/System32:/mnt/c/Windows:/mnt/c/Windows/System32/wbem:/mnt/c/Windows/System32/WindowsPowerShell/v1.0:/mnt/c/Program Files (x86)/Intel/Intel(R) Management Engine Components/DAL:/mnt/c/Program Files/Intel/Intel(R) Management Engine Components/DAL:/mnt/c/Program Files (x86)/Intel/Intel(R) Management Engine Components/IPT:/mnt/c/Program Files/Intel/Intel(R) Management Engine Components/IPT:/mnt/c/Program Files/Intel/WiFi/bin:/mnt/c/Program Files/Common Files/Intel/WirelessCommon:/mnt/c/Program Files (x86)/NVIDIA Corporation/PhysX/Common:/mnt/c/Windows/System32:/mnt/c/Windows:/mnt/c/Windows/System32/wbem:/mnt/c/Windows/System32/WindowsPowerShell/v1.0:/mnt/c/Program Files/Calibre2:/mnt/c/Users/Rozkalns/Documents/platform-tools:/mnt/c/Program Files/PuTTY:/mnt/c/Program Files (x86)/PuTTY:/mnt/c/Program Files (x86)/eParaksts Token Signing:/mnt/c/Program Files (x86)/Skype/Phone:/mnt/c/Program Files/Git/bin/git.exe:/mnt/c/Program Files/Git/cmd:/mnt/c/Program Files/Intel/WiFi/bin:/mnt/c/Program Files/Common Files/Intel/WirelessCommon:/mnt/c/Users/Rozkalns/AppData/Local/Microsoft/WindowsApps:/mnt/c/Users/Rozkalns/AppData/Local/atom/bin:/mnt/c/Users/Rozkalns/AppData/Local/Microsoft/WindowsApps:/snap/bin
10 verbose lifecycle flash-cards@0.8.0~test: CWD: /mnt/c/projects/websites/flash-cards
11 silly lifecycle flash-cards@0.8.0~test: Args: [ '-c', 'npm run test:unit && npm run test:integration' ]
12 silly lifecycle flash-cards@0.8.0~test: Returned: code: 1  signal: null
13 info lifecycle flash-cards@0.8.0~test: Failed to exec test script
14 verbose stack Error: flash-cards@0.8.0 test: `npm run test:unit && npm run test:integration`
14 verbose stack Exit status 1
14 verbose stack     at EventEmitter.<anonymous> (/usr/lib/node_modules/npm/lib/utils/lifecycle.js:255:16)
14 verbose stack     at emitTwo (events.js:106:13)
14 verbose stack     at EventEmitter.emit (events.js:191:7)
14 verbose stack     at ChildProcess.<anonymous> (/usr/lib/node_modules/npm/lib/utils/spawn.js:40:14)
14 verbose stack     at emitTwo (events.js:106:13)
14 verbose stack     at ChildProcess.emit (events.js:191:7)
14 verbose stack     at maybeClose (internal/child_process.js:920:16)
14 verbose stack     at Process.ChildProcess._handle.onexit (internal/child_process.js:230:5)
15 verbose pkgid flash-cards@0.8.0
16 verbose cwd /mnt/c/projects/websites/flash-cards
17 error Linux 4.4.0-43-Microsoft
18 error argv "/usr/bin/node" "/usr/bin/npm" "run" "test"
19 error node v6.14.2
20 error npm  v3.10.10
21 error code ELIFECYCLE
22 error flash-cards@0.8.0 test: `npm run test:unit && npm run test:integration`
22 error Exit status 1
23 error Failed at the flash-cards@0.8.0 test script 'npm run test:unit && npm run test:integration'.
23 error Make sure you have the latest version of node.js and npm installed.
23 error If you do, this is most likely a problem with the flash-cards package,
23 error not with npm itself.
23 error Tell the author that this fails on your system:
23 error     npm run test:unit && npm run test:integration
23 error You can get information on how to open an issue for this project with:
23 error     npm bugs flash-cards
23 error Or if that isn't available, you can get their info via:
23 error     npm owner ls flash-cards
23 error There is likely additional logging output above.
24 verbose exit [ 1, true ]
